<?xml version="1.0" encoding="UTF-8" standalone="yes"?><!DOCTYPE report PUBLIC "-//JACOCO//DTD Report 1.0//EN"
        "report.dtd">
<report name="JaCoCoverage analysis (powered by JaCoCo from EclEmma)">
    <sessioninfo id="AngelFire-4cb3c3b3" start="1500162098721" dump="1500162099317"/>
    <package name="com/armineasy/injection/filters">
        <class name="com/armineasy/injection/filters/CorsAllowedFilter">
            <method name="&lt;init&gt;" desc="()V" line="30">
                <counter type="INSTRUCTION" missed="3" covered="0"/>
                <counter type="LINE" missed="1" covered="0"/>
                <counter type="COMPLEXITY" missed="1" covered="0"/>
                <counter type="METHOD" missed="1" covered="0"/>
            </method>
            <method name="doFilter"
                    desc="(Ljavax/servlet/ServletRequest;Ljavax/servlet/ServletResponse;Ljavax/servlet/FilterChain;)V"
                    line="52">
                <counter type="INSTRUCTION" missed="20" covered="0"/>
                <counter type="LINE" missed="6" covered="0"/>
                <counter type="COMPLEXITY" missed="1" covered="0"/>
                <counter type="METHOD" missed="1" covered="0"/>
            </method>
            <method name="init" desc="(Ljavax/servlet/FilterConfig;)V" line="70">
                <counter type="INSTRUCTION" missed="1" covered="0"/>
                <counter type="LINE" missed="1" covered="0"/>
                <counter type="COMPLEXITY" missed="1" covered="0"/>
                <counter type="METHOD" missed="1" covered="0"/>
            </method>
            <method name="destroy" desc="()V" line="76">
                <counter type="INSTRUCTION" missed="1" covered="0"/>
                <counter type="LINE" missed="1" covered="0"/>
                <counter type="COMPLEXITY" missed="1" covered="0"/>
                <counter type="METHOD" missed="1" covered="0"/>
            </method>
            <method name="&lt;clinit&gt;" desc="()V" line="36">
                <counter type="INSTRUCTION" missed="3" covered="0"/>
                <counter type="LINE" missed="1" covered="0"/>
                <counter type="COMPLEXITY" missed="1" covered="0"/>
                <counter type="METHOD" missed="1" covered="0"/>
            </method>
            <counter type="INSTRUCTION" missed="28" covered="0"/>
            <counter type="LINE" missed="10" covered="0"/>
            <counter type="COMPLEXITY" missed="5" covered="0"/>
            <counter type="METHOD" missed="5" covered="0"/>
            <counter type="CLASS" missed="1" covered="0"/>
        </class>
        <class name="com/armineasy/injection/filters/GZipServletFilter">
            <method name="&lt;init&gt;" desc="()V" line="36">
                <counter type="INSTRUCTION" missed="3" covered="0"/>
                <counter type="LINE" missed="1" covered="0"/>
                <counter type="COMPLEXITY" missed="1" covered="0"/>
                <counter type="METHOD" missed="1" covered="0"/>
            </method>
            <method name="init" desc="(Ljavax/servlet/FilterConfig;)V" line="43">
                <counter type="INSTRUCTION" missed="1" covered="0"/>
                <counter type="LINE" missed="1" covered="0"/>
                <counter type="COMPLEXITY" missed="1" covered="0"/>
                <counter type="METHOD" missed="1" covered="0"/>
            </method>
            <method name="destroy" desc="()V" line="49">
                <counter type="INSTRUCTION" missed="1" covered="0"/>
                <counter type="LINE" missed="1" covered="0"/>
                <counter type="COMPLEXITY" missed="1" covered="0"/>
                <counter type="METHOD" missed="1" covered="0"/>
            </method>
            <method name="doFilter"
                    desc="(Ljavax/servlet/ServletRequest;Ljavax/servlet/ServletResponse;Ljavax/servlet/FilterChain;)V"
                    line="68">
                <counter type="INSTRUCTION" missed="31" covered="0"/>
                <counter type="BRANCH" missed="2" covered="0"/>
                <counter type="LINE" missed="10" covered="0"/>
                <counter type="COMPLEXITY" missed="2" covered="0"/>
                <counter type="METHOD" missed="1" covered="0"/>
            </method>
            <method name="acceptsGZipEncoding" desc="(Ljavax/servlet/http/HttpServletRequest;)Z" line="94">
                <counter type="INSTRUCTION" missed="14" covered="0"/>
                <counter type="BRANCH" missed="4" covered="0"/>
                <counter type="LINE" missed="4" covered="0"/>
                <counter type="COMPLEXITY" missed="3" covered="0"/>
                <counter type="METHOD" missed="1" covered="0"/>
            </method>
            <counter type="INSTRUCTION" missed="50" covered="0"/>
            <counter type="BRANCH" missed="6" covered="0"/>
            <counter type="LINE" missed="17" covered="0"/>
            <counter type="COMPLEXITY" missed="8" covered="0"/>
            <counter type="METHOD" missed="5" covered="0"/>
            <counter type="CLASS" missed="1" covered="0"/>
        </class>
        <class name="com/armineasy/injection/filters/CacheControlFilter">
            <method name="&lt;init&gt;" desc="()V" line="31">
                <counter type="INSTRUCTION" missed="3" covered="0"/>
                <counter type="LINE" missed="1" covered="0"/>
                <counter type="COMPLEXITY" missed="1" covered="0"/>
                <counter type="METHOD" missed="1" covered="0"/>
            </method>
            <method name="doFilter"
                    desc="(Ljavax/servlet/ServletRequest;Ljavax/servlet/ServletResponse;Ljavax/servlet/FilterChain;)V"
                    line="48">
                <counter type="INSTRUCTION" missed="35" covered="0"/>
                <counter type="BRANCH" missed="4" covered="0"/>
                <counter type="LINE" missed="8" covered="0"/>
                <counter type="COMPLEXITY" missed="3" covered="0"/>
                <counter type="METHOD" missed="1" covered="0"/>
            </method>
            <method name="init" desc="(Ljavax/servlet/FilterConfig;)V" line="74">
                <counter type="INSTRUCTION" missed="1" covered="0"/>
                <counter type="LINE" missed="1" covered="0"/>
                <counter type="COMPLEXITY" missed="1" covered="0"/>
                <counter type="METHOD" missed="1" covered="0"/>
            </method>
            <method name="destroy" desc="()V" line="80">
                <counter type="INSTRUCTION" missed="1" covered="0"/>
                <counter type="LINE" missed="1" covered="0"/>
                <counter type="COMPLEXITY" missed="1" covered="0"/>
                <counter type="METHOD" missed="1" covered="0"/>
            </method>
            <counter type="INSTRUCTION" missed="40" covered="0"/>
            <counter type="BRANCH" missed="4" covered="0"/>
            <counter type="LINE" missed="11" covered="0"/>
            <counter type="COMPLEXITY" missed="6" covered="0"/>
            <counter type="METHOD" missed="4" covered="0"/>
            <counter type="CLASS" missed="1" covered="0"/>
        </class>
        <class name="com/armineasy/injection/filters/GZipServletOutputStream">
            <method name="&lt;init&gt;" desc="(Ljava/io/OutputStream;)V" line="252">
                <counter type="INSTRUCTION" missed="12" covered="0"/>
                <counter type="LINE" missed="4" covered="0"/>
                <counter type="COMPLEXITY" missed="1" covered="0"/>
                <counter type="METHOD" missed="1" covered="0"/>
            </method>
            <method name="close" desc="()V" line="264">
                <counter type="INSTRUCTION" missed="4" covered="0"/>
                <counter type="LINE" missed="2" covered="0"/>
                <counter type="COMPLEXITY" missed="1" covered="0"/>
                <counter type="METHOD" missed="1" covered="0"/>
            </method>
            <method name="flush" desc="()V" line="270">
                <counter type="INSTRUCTION" missed="4" covered="0"/>
                <counter type="LINE" missed="2" covered="0"/>
                <counter type="COMPLEXITY" missed="1" covered="0"/>
                <counter type="METHOD" missed="1" covered="0"/>
            </method>
            <method name="write" desc="([B)V" line="276">
                <counter type="INSTRUCTION" missed="5" covered="0"/>
                <counter type="LINE" missed="2" covered="0"/>
                <counter type="COMPLEXITY" missed="1" covered="0"/>
                <counter type="METHOD" missed="1" covered="0"/>
            </method>
            <method name="write" desc="([BII)V" line="282">
                <counter type="INSTRUCTION" missed="7" covered="0"/>
                <counter type="LINE" missed="2" covered="0"/>
                <counter type="COMPLEXITY" missed="1" covered="0"/>
                <counter type="METHOD" missed="1" covered="0"/>
            </method>
            <method name="write" desc="(I)V" line="288">
                <counter type="INSTRUCTION" missed="5" covered="0"/>
                <counter type="LINE" missed="2" covered="0"/>
                <counter type="COMPLEXITY" missed="1" covered="0"/>
                <counter type="METHOD" missed="1" covered="0"/>
            </method>
            <method name="isReady" desc="()Z" line="295">
                <counter type="INSTRUCTION" missed="2" covered="0"/>
                <counter type="LINE" missed="1" covered="0"/>
                <counter type="COMPLEXITY" missed="1" covered="0"/>
                <counter type="METHOD" missed="1" covered="0"/>
            </method>
            <method name="setWriteListener" desc="(Ljavax/servlet/WriteListener;)V" line="303">
                <counter type="INSTRUCTION" missed="1" covered="0"/>
                <counter type="LINE" missed="1" covered="0"/>
                <counter type="COMPLEXITY" missed="1" covered="0"/>
                <counter type="METHOD" missed="1" covered="0"/>
            </method>
            <counter type="INSTRUCTION" missed="40" covered="0"/>
            <counter type="LINE" missed="16" covered="0"/>
            <counter type="COMPLEXITY" missed="8" covered="0"/>
            <counter type="METHOD" missed="8" covered="0"/>
            <counter type="CLASS" missed="1" covered="0"/>
        </class>
        <class name="com/armineasy/injection/filters/GZipServletResponseWrapper">
            <method name="&lt;init&gt;" desc="(Ljavax/servlet/http/HttpServletResponse;)V" line="110">
                <counter type="INSTRUCTION" missed="10" covered="0"/>
                <counter type="LINE" missed="4" covered="0"/>
                <counter type="COMPLEXITY" missed="1" covered="0"/>
                <counter type="METHOD" missed="1" covered="0"/>
            </method>
            <method name="close" desc="()V" line="129">
                <counter type="INSTRUCTION" missed="13" covered="0"/>
                <counter type="BRANCH" missed="4" covered="0"/>
                <counter type="LINE" missed="5" covered="0"/>
                <counter type="COMPLEXITY" missed="3" covered="0"/>
                <counter type="METHOD" missed="1" covered="0"/>
            </method>
            <method name="flushBuffer" desc="()V" line="150">
                <counter type="INSTRUCTION" missed="35" covered="0"/>
                <counter type="BRANCH" missed="8" covered="0"/>
                <counter type="LINE" missed="18" covered="0"/>
                <counter type="COMPLEXITY" missed="5" covered="0"/>
                <counter type="METHOD" missed="1" covered="0"/>
            </method>
            <method name="getOutputStream" desc="()Ljavax/servlet/ServletOutputStream;" line="198">
                <counter type="INSTRUCTION" missed="22" covered="0"/>
                <counter type="BRANCH" missed="4" covered="0"/>
                <counter type="LINE" missed="6" covered="0"/>
                <counter type="COMPLEXITY" missed="3" covered="0"/>
                <counter type="METHOD" missed="1" covered="0"/>
            </method>
            <method name="getWriter" desc="()Ljava/io/PrintWriter;" line="221">
                <counter type="INSTRUCTION" missed="38" covered="0"/>
                <counter type="BRANCH" missed="6" covered="0"/>
                <counter type="LINE" missed="8" covered="0"/>
                <counter type="COMPLEXITY" missed="4" covered="0"/>
                <counter type="METHOD" missed="1" covered="0"/>
            </method>
            <method name="setContentLength" desc="(I)V" line="241">
                <counter type="INSTRUCTION" missed="1" covered="0"/>
                <counter type="LINE" missed="1" covered="0"/>
                <counter type="COMPLEXITY" missed="1" covered="0"/>
                <counter type="METHOD" missed="1" covered="0"/>
            </method>
            <counter type="INSTRUCTION" missed="119" covered="0"/>
            <counter type="BRANCH" missed="22" covered="0"/>
            <counter type="LINE" missed="42" covered="0"/>
            <counter type="COMPLEXITY" missed="17" covered="0"/>
            <counter type="METHOD" missed="6" covered="0"/>
            <counter type="CLASS" missed="1" covered="0"/>
        </class>
        <sourcefile name="GZipServletFilter.java">
            <line nr="36" mi="3" ci="0" mb="0" cb="0"/>
            <line nr="43" mi="1" ci="0" mb="0" cb="0"/>
            <line nr="49" mi="1" ci="0" mb="0" cb="0"/>
            <line nr="68" mi="3" ci="0" mb="0" cb="0"/>
            <line nr="69" mi="3" ci="0" mb="0" cb="0"/>
            <line nr="71" mi="4" ci="0" mb="2" cb="0"/>
            <line nr="73" mi="4" ci="0" mb="0" cb="0"/>
            <line nr="74" mi="5" ci="0" mb="0" cb="0"/>
            <line nr="76" mi="4" ci="0" mb="0" cb="0"/>
            <line nr="77" mi="2" ci="0" mb="0" cb="0"/>
            <line nr="78" mi="1" ci="0" mb="0" cb="0"/>
            <line nr="81" mi="4" ci="0" mb="0" cb="0"/>
            <line nr="83" mi="1" ci="0" mb="0" cb="0"/>
            <line nr="94" mi="2" ci="0" mb="0" cb="0"/>
            <line nr="95" mi="2" ci="0" mb="0" cb="0"/>
            <line nr="97" mi="5" ci="0" mb="2" cb="0"/>
            <line nr="98" mi="5" ci="0" mb="2" cb="0"/>
            <line nr="110" mi="3" ci="0" mb="0" cb="0"/>
            <line nr="111" mi="3" ci="0" mb="0" cb="0"/>
            <line nr="116" mi="3" ci="0" mb="0" cb="0"/>
            <line nr="117" mi="1" ci="0" mb="0" cb="0"/>
            <line nr="129" mi="3" ci="0" mb="2" cb="0"/>
            <line nr="131" mi="3" ci="0" mb="0" cb="0"/>
            <line nr="134" mi="3" ci="0" mb="2" cb="0"/>
            <line nr="136" mi="3" ci="0" mb="0" cb="0"/>
            <line nr="138" mi="1" ci="0" mb="0" cb="0"/>
            <line nr="150" mi="3" ci="0" mb="2" cb="0"/>
            <line nr="152" mi="3" ci="0" mb="0" cb="0"/>
            <line nr="155" mi="2" ci="0" mb="0" cb="0"/>
            <line nr="158" mi="3" ci="0" mb="2" cb="0"/>
            <line nr="160" mi="3" ci="0" mb="0" cb="0"/>
            <line nr="163" mi="1" ci="0" mb="0" cb="0"/>
            <line nr="165" mi="2" ci="0" mb="0" cb="0"/>
            <line nr="166" mi="1" ci="0" mb="0" cb="0"/>
            <line nr="168" mi="2" ci="0" mb="0" cb="0"/>
            <line nr="171" mi="2" ci="0" mb="0" cb="0"/>
            <line nr="173" mi="1" ci="0" mb="0" cb="0"/>
            <line nr="175" mi="2" ci="0" mb="0" cb="0"/>
            <line nr="176" mi="1" ci="0" mb="0" cb="0"/>
            <line nr="178" mi="2" ci="0" mb="2" cb="0"/>
            <line nr="180" mi="2" ci="0" mb="0" cb="0"/>
            <line nr="182" mi="2" ci="0" mb="2" cb="0"/>
            <line nr="184" mi="2" ci="0" mb="0" cb="0"/>
            <line nr="186" mi="1" ci="0" mb="0" cb="0"/>
            <line nr="198" mi="3" ci="0" mb="2" cb="0"/>
            <line nr="200" mi="5" ci="0" mb="0" cb="0"/>
            <line nr="203" mi="3" ci="0" mb="2" cb="0"/>
            <line nr="205" mi="4" ci="0" mb="0" cb="0"/>
            <line nr="206" mi="4" ci="0" mb="0" cb="0"/>
            <line nr="208" mi="3" ci="0" mb="0" cb="0"/>
            <line nr="221" mi="6" ci="0" mb="4" cb="0"/>
            <line nr="223" mi="5" ci="0" mb="0" cb="0"/>
            <line nr="226" mi="3" ci="0" mb="2" cb="0"/>
            <line nr="228" mi="4" ci="0" mb="0" cb="0"/>
            <line nr="229" mi="4" ci="0" mb="0" cb="0"/>
            <line nr="230" mi="8" ci="0" mb="0" cb="0"/>
            <line nr="231" mi="5" ci="0" mb="0" cb="0"/>
            <line nr="233" mi="3" ci="0" mb="0" cb="0"/>
            <line nr="241" mi="1" ci="0" mb="0" cb="0"/>
            <line nr="252" mi="3" ci="0" mb="0" cb="0"/>
            <line nr="257" mi="2" ci="0" mb="0" cb="0"/>
            <line nr="258" mi="6" ci="0" mb="0" cb="0"/>
            <line nr="259" mi="1" ci="0" mb="0" cb="0"/>
            <line nr="264" mi="3" ci="0" mb="0" cb="0"/>
            <line nr="265" mi="1" ci="0" mb="0" cb="0"/>
            <line nr="270" mi="3" ci="0" mb="0" cb="0"/>
            <line nr="271" mi="1" ci="0" mb="0" cb="0"/>
            <line nr="276" mi="4" ci="0" mb="0" cb="0"/>
            <line nr="277" mi="1" ci="0" mb="0" cb="0"/>
            <line nr="282" mi="6" ci="0" mb="0" cb="0"/>
            <line nr="283" mi="1" ci="0" mb="0" cb="0"/>
            <line nr="288" mi="4" ci="0" mb="0" cb="0"/>
            <line nr="289" mi="1" ci="0" mb="0" cb="0"/>
            <line nr="295" mi="2" ci="0" mb="0" cb="0"/>
            <line nr="303" mi="1" ci="0" mb="0" cb="0"/>
            <counter type="INSTRUCTION" missed="209" covered="0"/>
            <counter type="BRANCH" missed="28" covered="0"/>
            <counter type="LINE" missed="75" covered="0"/>
            <counter type="COMPLEXITY" missed="33" covered="0"/>
            <counter type="METHOD" missed="19" covered="0"/>
            <counter type="CLASS" missed="3" covered="0"/>
        </sourcefile>
        <sourcefile name="CorsAllowedFilter.java">
            <line nr="30" mi="3" ci="0" mb="0" cb="0"/>
            <line nr="36" mi="3" ci="0" mb="0" cb="0"/>
            <line nr="52" mi="3" ci="0" mb="0" cb="0"/>
            <line nr="53" mi="4" ci="0" mb="0" cb="0"/>
            <line nr="54" mi="4" ci="0" mb="0" cb="0"/>
            <line nr="55" mi="4" ci="0" mb="0" cb="0"/>
            <line nr="56" mi="4" ci="0" mb="0" cb="0"/>
            <line nr="57" mi="1" ci="0" mb="0" cb="0"/>
            <line nr="70" mi="1" ci="0" mb="0" cb="0"/>
            <line nr="76" mi="1" ci="0" mb="0" cb="0"/>
            <counter type="INSTRUCTION" missed="28" covered="0"/>
            <counter type="LINE" missed="10" covered="0"/>
            <counter type="COMPLEXITY" missed="5" covered="0"/>
            <counter type="METHOD" missed="5" covered="0"/>
            <counter type="CLASS" missed="1" covered="0"/>
        </sourcefile>
        <sourcefile name="CacheControlFilter.java">
            <line nr="31" mi="3" ci="0" mb="0" cb="0"/>
            <line nr="48" mi="3" ci="0" mb="0" cb="0"/>
            <line nr="49" mi="4" ci="0" mb="0" cb="0"/>
            <line nr="50" mi="10" ci="0" mb="4" cb="0"/>
            <line nr="52" mi="4" ci="0" mb="0" cb="0"/>
            <line nr="53" mi="5" ci="0" mb="0" cb="0"/>
            <line nr="57" mi="4" ci="0" mb="0" cb="0"/>
            <line nr="60" mi="4" ci="0" mb="0" cb="0"/>
            <line nr="61" mi="1" ci="0" mb="0" cb="0"/>
            <line nr="74" mi="1" ci="0" mb="0" cb="0"/>
            <line nr="80" mi="1" ci="0" mb="0" cb="0"/>
            <counter type="INSTRUCTION" missed="40" covered="0"/>
            <counter type="BRANCH" missed="4" covered="0"/>
            <counter type="LINE" missed="11" covered="0"/>
            <counter type="COMPLEXITY" missed="6" covered="0"/>
            <counter type="METHOD" missed="4" covered="0"/>
            <counter type="CLASS" missed="1" covered="0"/>
        </sourcefile>
        <counter type="INSTRUCTION" missed="277" covered="0"/>
        <counter type="BRANCH" missed="32" covered="0"/>
        <counter type="LINE" missed="96" covered="0"/>
        <counter type="COMPLEXITY" missed="44" covered="0"/>
        <counter type="METHOD" missed="28" covered="0"/>
        <counter type="CLASS" missed="5" covered="0"/>
    </package>
    <package name="com/armineasy/injection/interfaces">
        <class name="com/armineasy/injection/interfaces/GuiceSiteBinder">
            <method name="&lt;init&gt;" desc="()V" line="39">
                <counter type="INSTRUCTION" missed="6" covered="0"/>
                <counter type="LINE" missed="3" covered="0"/>
                <counter type="COMPLEXITY" missed="1" covered="0"/>
                <counter type="METHOD" missed="1" covered="0"/>
            </method>
            <method name="sortOrder" desc="()Ljava/lang/Integer;" line="56">
                <counter type="INSTRUCTION" missed="4" covered="0"/>
                <counter type="LINE" missed="1" covered="0"/>
                <counter type="COMPLEXITY" missed="1" covered="0"/>
                <counter type="METHOD" missed="1" covered="0"/>
            </method>
            <method name="setDefaultSortOrder" desc="(I)V" line="66">
                <counter type="INSTRUCTION" missed="4" covered="0"/>
                <counter type="LINE" missed="2" covered="0"/>
                <counter type="COMPLEXITY" missed="1" covered="0"/>
                <counter type="METHOD" missed="1" covered="0"/>
            </method>
            <method name="compare"
                    desc="(Lcom/armineasy/injection/interfaces/GuiceSiteBinder;Lcom/armineasy/injection/interfaces/GuiceSiteBinder;)I"
                    line="80">
                <counter type="INSTRUCTION" missed="12" covered="0"/>
                <counter type="BRANCH" missed="4" covered="0"/>
                <counter type="LINE" missed="3" covered="0"/>
                <counter type="COMPLEXITY" missed="3" covered="0"/>
                <counter type="METHOD" missed="1" covered="0"/>
            </method>
            <method name="&lt;clinit&gt;" desc="()V" line="35">
                <counter type="INSTRUCTION" missed="3" covered="0"/>
                <counter type="LINE" missed="1" covered="0"/>
                <counter type="COMPLEXITY" missed="1" covered="0"/>
                <counter type="METHOD" missed="1" covered="0"/>
            </method>
            <counter type="INSTRUCTION" missed="29" covered="0"/>
            <counter type="BRANCH" missed="4" covered="0"/>
            <counter type="LINE" missed="10" covered="0"/>
            <counter type="COMPLEXITY" missed="7" covered="0"/>
            <counter type="METHOD" missed="5" covered="0"/>
            <counter type="CLASS" missed="1" covered="0"/>
        </class>
        <class name="com/armineasy/injection/interfaces/GuiceDefaultBinder">
            <method name="&lt;init&gt;" desc="()V" line="32">
                <counter type="INSTRUCTION" missed="0" covered="6"/>
                <counter type="LINE" missed="0" covered="3"/>
                <counter type="COMPLEXITY" missed="0" covered="1"/>
                <counter type="METHOD" missed="0" covered="1"/>
            </method>
            <method name="setDefaultSortOrder" desc="(I)V" line="44">
                <counter type="INSTRUCTION" missed="4" covered="0"/>
                <counter type="LINE" missed="2" covered="0"/>
                <counter type="COMPLEXITY" missed="1" covered="0"/>
                <counter type="METHOD" missed="1" covered="0"/>
            </method>
            <method name="sortOrder" desc="()Ljava/lang/Integer;" line="54">
                <counter type="INSTRUCTION" missed="4" covered="0"/>
                <counter type="LINE" missed="1" covered="0"/>
                <counter type="COMPLEXITY" missed="1" covered="0"/>
                <counter type="METHOD" missed="1" covered="0"/>
            </method>
            <method name="compare"
                    desc="(Lcom/armineasy/injection/interfaces/GuiceDefaultBinder;Lcom/armineasy/injection/interfaces/GuiceDefaultBinder;)I"
                    line="60">
                <counter type="INSTRUCTION" missed="12" covered="0"/>
                <counter type="BRANCH" missed="4" covered="0"/>
                <counter type="LINE" missed="3" covered="0"/>
                <counter type="COMPLEXITY" missed="3" covered="0"/>
                <counter type="METHOD" missed="1" covered="0"/>
            </method>
            <counter type="INSTRUCTION" missed="20" covered="6"/>
            <counter type="BRANCH" missed="4" covered="0"/>
            <counter type="LINE" missed="6" covered="3"/>
            <counter type="COMPLEXITY" missed="5" covered="1"/>
            <counter type="METHOD" missed="3" covered="1"/>
            <counter type="CLASS" missed="0" covered="1"/>
        </class>
        <sourcefile name="GuiceDefaultBinder.java">
            <line nr="32" mi="0" ci="3" mb="0" cb="0"/>
            <line nr="38" mi="0" ci="2" mb="0" cb="0"/>
            <line nr="40" mi="0" ci="1" mb="0" cb="0"/>
            <line nr="44" mi="3" ci="0" mb="0" cb="0"/>
            <line nr="45" mi="1" ci="0" mb="0" cb="0"/>
            <line nr="54" mi="4" ci="0" mb="0" cb="0"/>
            <line nr="60" mi="4" ci="0" mb="4" cb="0"/>
            <line nr="62" mi="2" ci="0" mb="0" cb="0"/>
            <line nr="64" mi="6" ci="0" mb="0" cb="0"/>
            <counter type="INSTRUCTION" missed="20" covered="6"/>
            <counter type="BRANCH" missed="4" covered="0"/>
            <counter type="LINE" missed="6" covered="3"/>
            <counter type="COMPLEXITY" missed="5" covered="1"/>
            <counter type="METHOD" missed="3" covered="1"/>
            <counter type="CLASS" missed="0" covered="1"/>
        </sourcefile>
        <sourcefile name="GuiceSiteBinder.java">
            <line nr="35" mi="3" ci="0" mb="0" cb="0"/>
            <line nr="39" mi="3" ci="0" mb="0" cb="0"/>
            <line nr="45" mi="2" ci="0" mb="0" cb="0"/>
            <line nr="47" mi="1" ci="0" mb="0" cb="0"/>
            <line nr="56" mi="4" ci="0" mb="0" cb="0"/>
            <line nr="66" mi="3" ci="0" mb="0" cb="0"/>
            <line nr="67" mi="1" ci="0" mb="0" cb="0"/>
            <line nr="80" mi="4" ci="0" mb="4" cb="0"/>
            <line nr="82" mi="2" ci="0" mb="0" cb="0"/>
            <line nr="84" mi="6" ci="0" mb="0" cb="0"/>
            <counter type="INSTRUCTION" missed="29" covered="0"/>
            <counter type="BRANCH" missed="4" covered="0"/>
            <counter type="LINE" missed="10" covered="0"/>
            <counter type="COMPLEXITY" missed="7" covered="0"/>
            <counter type="METHOD" missed="5" covered="0"/>
            <counter type="CLASS" missed="1" covered="0"/>
        </sourcefile>
        <counter type="INSTRUCTION" missed="49" covered="6"/>
        <counter type="BRANCH" missed="8" covered="0"/>
        <counter type="LINE" missed="16" covered="3"/>
        <counter type="COMPLEXITY" missed="12" covered="1"/>
        <counter type="METHOD" missed="8" covered="1"/>
        <counter type="CLASS" missed="1" covered="1"/>
    </package>
    <package name="com/armineasy/injection">
        <class name="com/armineasy/injection/GuiceContext">
            <method name="getScanResult" desc="()Lio/github/lukehutch/fastclasspathscanner/scanner/ScanResult;"
                    line="91">
                <counter type="INSTRUCTION" missed="0" covered="8"/>
                <counter type="BRANCH" missed="0" covered="2"/>
                <counter type="LINE" missed="0" covered="3"/>
                <counter type="COMPLEXITY" missed="0" covered="2"/>
                <counter type="METHOD" missed="0" covered="1"/>
            </method>
            <method name="setScanResult" desc="(Lio/github/lukehutch/fastclasspathscanner/scanner/ScanResult;)V"
                    line="105">
                <counter type="INSTRUCTION" missed="4" covered="0"/>
                <counter type="LINE" missed="2" covered="0"/>
                <counter type="COMPLEXITY" missed="1" covered="0"/>
                <counter type="METHOD" missed="1" covered="0"/>
            </method>
            <method name="context" desc="()Lcom/armineasy/injection/GuiceContext;" line="110">
                <counter type="INSTRUCTION" missed="0" covered="8"/>
                <counter type="BRANCH" missed="0" covered="2"/>
                <counter type="LINE" missed="0" covered="3"/>
                <counter type="COMPLEXITY" missed="0" covered="2"/>
                <counter type="METHOD" missed="0" covered="1"/>
            </method>
            <method name="getScanner" desc="()Lio/github/lukehutch/fastclasspathscanner/FastClasspathScanner;"
                    line="124">
                <counter type="INSTRUCTION" missed="3" covered="0"/>
                <counter type="LINE" missed="1" covered="0"/>
                <counter type="COMPLEXITY" missed="1" covered="0"/>
                <counter type="METHOD" missed="1" covered="0"/>
            </method>
            <method name="setScanner" desc="(Lio/github/lukehutch/fastclasspathscanner/FastClasspathScanner;)V"
                    line="134">
                <counter type="INSTRUCTION" missed="4" covered="0"/>
                <counter type="LINE" missed="2" covered="0"/>
                <counter type="COMPLEXITY" missed="1" covered="0"/>
                <counter type="METHOD" missed="1" covered="0"/>
            </method>
            <method name="&lt;init&gt;" desc="()V" line="141">
                <counter type="INSTRUCTION" missed="0" covered="7"/>
                <counter type="BRANCH" missed="1" covered="1"/>
                <counter type="LINE" missed="0" covered="4"/>
                <counter type="COMPLEXITY" missed="1" covered="1"/>
                <counter type="METHOD" missed="0" covered="1"/>
            </method>
            <method name="GuiceStartup" desc="()V" line="150">
                <counter type="INSTRUCTION" missed="4" covered="194"/>
                <counter type="BRANCH" missed="3" covered="1"/>
                <counter type="LINE" missed="0" covered="41"/>
                <counter type="COMPLEXITY" missed="2" covered="1"/>
                <counter type="METHOD" missed="0" covered="1"/>
            </method>
            <method name="isBuilt" desc="()Z" line="206">
                <counter type="INSTRUCTION" missed="2" covered="0"/>
                <counter type="LINE" missed="1" covered="0"/>
                <counter type="COMPLEXITY" missed="1" covered="0"/>
                <counter type="METHOD" missed="1" covered="0"/>
            </method>
            <method name="setBuilt" desc="(Z)V" line="216">
                <counter type="INSTRUCTION" missed="3" covered="0"/>
                <counter type="LINE" missed="2" covered="0"/>
                <counter type="COMPLEXITY" missed="1" covered="0"/>
                <counter type="METHOD" missed="1" covered="0"/>
            </method>
            <method name="contextInitialized" desc="(Ljavax/servlet/ServletContextEvent;)V" line="227">
                <counter type="INSTRUCTION" missed="37" covered="0"/>
                <counter type="LINE" missed="8" covered="0"/>
                <counter type="COMPLEXITY" missed="1" covered="0"/>
                <counter type="METHOD" missed="1" covered="0"/>
            </method>
            <method name="getInjector" desc="()Lcom/google/inject/Injector;" line="244">
                <counter type="INSTRUCTION" missed="2" covered="0"/>
                <counter type="LINE" missed="1" covered="0"/>
                <counter type="COMPLEXITY" missed="1" covered="0"/>
                <counter type="METHOD" missed="1" covered="0"/>
            </method>
            <method name="getReflections" desc="()Lcom/armineasy/injection/Reflections;" line="254">
                <counter type="INSTRUCTION" missed="2" covered="0"/>
                <counter type="LINE" missed="1" covered="0"/>
                <counter type="COMPLEXITY" missed="1" covered="0"/>
                <counter type="METHOD" missed="1" covered="0"/>
            </method>
            <method name="reflect" desc="()Lcom/armineasy/injection/Reflections;" line="264">
                <counter type="INSTRUCTION" missed="0" covered="11"/>
                <counter type="BRANCH" missed="0" covered="2"/>
                <counter type="LINE" missed="0" covered="3"/>
                <counter type="COMPLEXITY" missed="0" covered="2"/>
                <counter type="METHOD" missed="0" covered="1"/>
            </method>
            <method name="inject" desc="()Lcom/google/inject/Injector;" line="278">
                <counter type="INSTRUCTION" missed="31" covered="148"/>
                <counter type="BRANCH" missed="3" covered="3"/>
                <counter type="LINE" missed="8" covered="38"/>
                <counter type="COMPLEXITY" missed="3" covered="1"/>
                <counter type="METHOD" missed="0" covered="1"/>
            </method>
            <method name="isBuildingInjector" desc="()Z" line="367">
                <counter type="INSTRUCTION" missed="2" covered="0"/>
                <counter type="LINE" missed="1" covered="0"/>
                <counter type="COMPLEXITY" missed="1" covered="0"/>
                <counter type="METHOD" missed="1" covered="0"/>
            </method>
            <method name="contextDestroyed" desc="(Ljavax/servlet/ServletContextEvent;)V" line="378">
                <counter type="INSTRUCTION" missed="4" covered="0"/>
                <counter type="LINE" missed="2" covered="0"/>
                <counter type="COMPLEXITY" missed="1" covered="0"/>
                <counter type="METHOD" missed="1" covered="0"/>
            </method>
            <method name="setReflections" desc="(Lcom/armineasy/injection/Reflections;)V" line="388">
                <counter type="INSTRUCTION" missed="4" covered="0"/>
                <counter type="LINE" missed="2" covered="0"/>
                <counter type="COMPLEXITY" missed="1" covered="0"/>
                <counter type="METHOD" missed="1" covered="0"/>
            </method>
            <method name="getInstance" desc="(Ljava/lang/Class;)Ljava/lang/Object;" line="403">
                <counter type="INSTRUCTION" missed="12" covered="0"/>
                <counter type="LINE" missed="4" covered="0"/>
                <counter type="COMPLEXITY" missed="1" covered="0"/>
                <counter type="METHOD" missed="1" covered="0"/>
            </method>
            <method name="getInstance" desc="(Lcom/google/inject/Key;)Ljava/lang/Object;" line="424">
                <counter type="INSTRUCTION" missed="12" covered="0"/>
                <counter type="LINE" missed="4" covered="0"/>
                <counter type="COMPLEXITY" missed="1" covered="0"/>
                <counter type="METHOD" missed="1" covered="0"/>
            </method>
            <method name="destroy" desc="()V" line="438">
                <counter type="INSTRUCTION" missed="23" covered="0"/>
                <counter type="LINE" missed="8" covered="0"/>
                <counter type="COMPLEXITY" missed="1" covered="0"/>
                <counter type="METHOD" missed="1" covered="0"/>
            </method>
            <method name="isReady" desc="()Z" line="454">
                <counter type="INSTRUCTION" missed="8" covered="0"/>
                <counter type="BRANCH" missed="4" covered="0"/>
                <counter type="LINE" missed="1" covered="0"/>
                <counter type="COMPLEXITY" missed="3" covered="0"/>
                <counter type="METHOD" missed="1" covered="0"/>
            </method>
            <method name="lambda$inject$7"
                    desc="(Ljava/util/List;Lcom/armineasy/injection/annotations/GuicePostStartup;)V" line="344">
                <counter type="INSTRUCTION" missed="10" covered="0"/>
                <counter type="LINE" missed="3" covered="0"/>
                <counter type="COMPLEXITY" missed="1" covered="0"/>
                <counter type="METHOD" missed="1" covered="0"/>
            </method>
            <method name="lambda$inject$6"
                    desc="(Lcom/armineasy/injection/annotations/GuicePostStartup;Lcom/armineasy/injection/annotations/GuicePostStartup;)I"
                    line="340">
                <counter type="INSTRUCTION" missed="6" covered="0"/>
                <counter type="LINE" missed="1" covered="0"/>
                <counter type="COMPLEXITY" missed="1" covered="0"/>
                <counter type="METHOD" missed="1" covered="0"/>
            </method>
            <method name="lambda$inject$5"
                    desc="(Ljava/util/List;Lcom/armineasy/injection/annotations/GuicePostStartup;)V" line="338">
                <counter type="INSTRUCTION" missed="5" covered="0"/>
                <counter type="LINE" missed="2" covered="0"/>
                <counter type="COMPLEXITY" missed="1" covered="0"/>
                <counter type="METHOD" missed="1" covered="0"/>
            </method>
            <method name="lambda$inject$4"
                    desc="(Ljava/lang/Class;)Lcom/armineasy/injection/annotations/GuicePostStartup;" line="336">
                <counter type="INSTRUCTION" missed="4" covered="0"/>
                <counter type="LINE" missed="1" covered="0"/>
                <counter type="COMPLEXITY" missed="1" covered="0"/>
                <counter type="METHOD" missed="1" covered="0"/>
            </method>
            <method name="lambda$inject$3" desc="(Lcom/armineasy/injection/annotations/GuicePreStartup;)V" line="295">
                <counter type="INSTRUCTION" missed="3" covered="0"/>
                <counter type="LINE" missed="2" covered="0"/>
                <counter type="COMPLEXITY" missed="1" covered="0"/>
                <counter type="METHOD" missed="1" covered="0"/>
            </method>
            <method name="lambda$inject$2"
                    desc="(Lcom/armineasy/injection/annotations/GuicePreStartup;Lcom/armineasy/injection/annotations/GuicePreStartup;)I"
                    line="291">
                <counter type="INSTRUCTION" missed="6" covered="0"/>
                <counter type="LINE" missed="1" covered="0"/>
                <counter type="COMPLEXITY" missed="1" covered="0"/>
                <counter type="METHOD" missed="1" covered="0"/>
            </method>
            <method name="lambda$inject$1"
                    desc="(Ljava/util/List;Lcom/armineasy/injection/annotations/GuicePreStartup;)V" line="289">
                <counter type="INSTRUCTION" missed="5" covered="0"/>
                <counter type="LINE" missed="2" covered="0"/>
                <counter type="COMPLEXITY" missed="1" covered="0"/>
                <counter type="METHOD" missed="1" covered="0"/>
            </method>
            <method name="lambda$inject$0"
                    desc="(Ljava/lang/Class;)Lcom/armineasy/injection/annotations/GuicePreStartup;" line="287">
                <counter type="INSTRUCTION" missed="4" covered="0"/>
                <counter type="LINE" missed="1" covered="0"/>
                <counter type="COMPLEXITY" missed="1" covered="0"/>
                <counter type="METHOD" missed="1" covered="0"/>
            </method>
            <method name="&lt;clinit&gt;" desc="()V" line="48">
                <counter type="INSTRUCTION" missed="0" covered="8"/>
                <counter type="LINE" missed="0" covered="3"/>
                <counter type="COMPLEXITY" missed="0" covered="1"/>
                <counter type="METHOD" missed="0" covered="1"/>
            </method>
            <counter type="INSTRUCTION" missed="200" covered="384"/>
            <counter type="BRANCH" missed="11" covered="11"/>
            <counter type="LINE" missed="57" covered="95"/>
            <counter type="COMPLEXITY" missed="31" covered="10"/>
            <counter type="METHOD" missed="23" covered="7"/>
            <counter type="CLASS" missed="0" covered="1"/>
        </class>
        <class name="com/armineasy/injection/Globals">
            <method name="&lt;init&gt;" desc="()V" line="50">
                <counter type="INSTRUCTION" missed="8" covered="0"/>
                <counter type="LINE" missed="3" covered="0"/>
                <counter type="COMPLEXITY" missed="1" covered="0"/>
                <counter type="METHOD" missed="1" covered="0"/>
            </method>
            <method name="addKey" desc="(Ljava/lang/String;Ljava/util/Map;)V" line="62">
                <counter type="INSTRUCTION" missed="7" covered="0"/>
                <counter type="LINE" missed="2" covered="0"/>
                <counter type="COMPLEXITY" missed="1" covered="0"/>
                <counter type="METHOD" missed="1" covered="0"/>
            </method>
            <method name="addProperty" desc="(Ljava/lang/String;Ljava/lang/String;Ljava/lang/String;)V" line="74">
                <counter type="INSTRUCTION" missed="23" covered="0"/>
                <counter type="BRANCH" missed="2" covered="0"/>
                <counter type="LINE" missed="4" covered="0"/>
                <counter type="COMPLEXITY" missed="2" covered="0"/>
                <counter type="METHOD" missed="1" covered="0"/>
            </method>
            <method name="getKey" desc="(Ljava/lang/String;)Ljava/util/Map;" line="91">
                <counter type="INSTRUCTION" missed="6" covered="0"/>
                <counter type="LINE" missed="1" covered="0"/>
                <counter type="COMPLEXITY" missed="1" covered="0"/>
                <counter type="METHOD" missed="1" covered="0"/>
            </method>
            <method name="getProperty" desc="(Ljava/lang/String;Ljava/lang/String;)Ljava/io/Serializable;" line="104">
                <counter type="INSTRUCTION" missed="9" covered="0"/>
                <counter type="LINE" missed="1" covered="0"/>
                <counter type="COMPLEXITY" missed="1" covered="0"/>
                <counter type="METHOD" missed="1" covered="0"/>
            </method>
            <method name="removeProperty" desc="(Ljava/lang/String;Ljava/lang/String;)V" line="115">
                <counter type="INSTRUCTION" missed="14" covered="0"/>
                <counter type="BRANCH" missed="2" covered="0"/>
                <counter type="LINE" missed="3" covered="0"/>
                <counter type="COMPLEXITY" missed="2" covered="0"/>
                <counter type="METHOD" missed="1" covered="0"/>
            </method>
            <method name="emptyProperty" desc="(Ljava/lang/String;Ljava/lang/String;)V" line="129">
                <counter type="INSTRUCTION" missed="15" covered="0"/>
                <counter type="BRANCH" missed="2" covered="0"/>
                <counter type="LINE" missed="3" covered="0"/>
                <counter type="COMPLEXITY" missed="2" covered="0"/>
                <counter type="METHOD" missed="1" covered="0"/>
            </method>
            <counter type="INSTRUCTION" missed="82" covered="0"/>
            <counter type="BRANCH" missed="6" covered="0"/>
            <counter type="LINE" missed="17" covered="0"/>
            <counter type="COMPLEXITY" missed="10" covered="0"/>
            <counter type="METHOD" missed="7" covered="0"/>
            <counter type="CLASS" missed="1" covered="0"/>
        </class>
        <class name="com/armineasy/injection/GuiceDefaultBinding">
            <method name="&lt;init&gt;" desc="()V" line="42">
                <counter type="INSTRUCTION" missed="3" covered="0"/>
                <counter type="LINE" missed="2" covered="0"/>
                <counter type="COMPLEXITY" missed="1" covered="0"/>
                <counter type="METHOD" missed="1" covered="0"/>
            </method>
            <method name="onBind" desc="(Lcom/armineasy/injection/abstractions/GuiceInjectorModule;)V" line="49">
                <counter type="INSTRUCTION" missed="5" covered="0"/>
                <counter type="LINE" missed="2" covered="0"/>
                <counter type="COMPLEXITY" missed="1" covered="0"/>
                <counter type="METHOD" missed="1" covered="0"/>
            </method>
            <counter type="INSTRUCTION" missed="8" covered="0"/>
            <counter type="LINE" missed="4" covered="0"/>
            <counter type="COMPLEXITY" missed="2" covered="0"/>
            <counter type="METHOD" missed="2" covered="0"/>
            <counter type="CLASS" missed="1" covered="0"/>
        </class>
        <class name="com/armineasy/injection/Reflections">
            <method name="&lt;init&gt;" desc="()V" line="42">
                <counter type="INSTRUCTION" missed="0" covered="3"/>
                <counter type="LINE" missed="0" covered="2"/>
                <counter type="COMPLEXITY" missed="0" covered="1"/>
                <counter type="METHOD" missed="0" covered="1"/>
            </method>
            <method name="getSubTypesOf" desc="(Ljava/lang/Class;)Ljava/util/Set;" line="48">
                <counter type="INSTRUCTION" missed="4" covered="26"/>
                <counter type="BRANCH" missed="1" covered="1"/>
                <counter type="LINE" missed="0" covered="5"/>
                <counter type="COMPLEXITY" missed="1" covered="1"/>
                <counter type="METHOD" missed="0" covered="1"/>
            </method>
            <method name="getTypesAnnotatedWith" desc="(Ljava/lang/Class;)Ljava/util/Set;" line="60">
                <counter type="INSTRUCTION" missed="0" covered="18"/>
                <counter type="LINE" missed="0" covered="4"/>
                <counter type="COMPLEXITY" missed="0" covered="1"/>
                <counter type="METHOD" missed="0" covered="1"/>
            </method>
            <method name="getMethodsAnnotatedWith" desc="(Ljava/lang/Class;)Ljava/util/Set;" line="72">
                <counter type="INSTRUCTION" missed="2" covered="0"/>
                <counter type="LINE" missed="1" covered="0"/>
                <counter type="COMPLEXITY" missed="1" covered="0"/>
                <counter type="METHOD" missed="1" covered="0"/>
            </method>
            <method name="getMethodsWithAnyParamAnnotated" desc="(Ljava/lang/Class;)Ljava/util/Set;" line="77">
                <counter type="INSTRUCTION" missed="2" covered="0"/>
                <counter type="LINE" missed="1" covered="0"/>
                <counter type="COMPLEXITY" missed="1" covered="0"/>
                <counter type="METHOD" missed="1" covered="0"/>
            </method>
            <method name="getMethodsWithAnyParamAnnotated" desc="(Ljava/lang/annotation/Annotation;)Ljava/util/Set;"
                    line="82">
                <counter type="INSTRUCTION" missed="2" covered="0"/>
                <counter type="LINE" missed="1" covered="0"/>
                <counter type="COMPLEXITY" missed="1" covered="0"/>
                <counter type="METHOD" missed="1" covered="0"/>
            </method>
            <method name="getFieldsAnnotatedWith" desc="(Ljava/lang/Class;)Ljava/util/Set;" line="87">
                <counter type="INSTRUCTION" missed="2" covered="0"/>
                <counter type="LINE" missed="1" covered="0"/>
                <counter type="COMPLEXITY" missed="1" covered="0"/>
                <counter type="METHOD" missed="1" covered="0"/>
            </method>
            <method name="getResources" desc="(Lcom/google/common/base/Predicate;)Ljava/util/Set;" line="92">
                <counter type="INSTRUCTION" missed="2" covered="0"/>
                <counter type="LINE" missed="1" covered="0"/>
                <counter type="COMPLEXITY" missed="1" covered="0"/>
                <counter type="METHOD" missed="1" covered="0"/>
            </method>
            <method name="getResources" desc="(Ljava/util/regex/Pattern;)Ljava/util/Set;" line="97">
                <counter type="INSTRUCTION" missed="2" covered="0"/>
                <counter type="LINE" missed="1" covered="0"/>
                <counter type="COMPLEXITY" missed="1" covered="0"/>
                <counter type="METHOD" missed="1" covered="0"/>
            </method>
            <method name="getFieldUsage" desc="(Ljava/lang/reflect/Field;)Ljava/util/Set;" line="102">
                <counter type="INSTRUCTION" missed="2" covered="0"/>
                <counter type="LINE" missed="1" covered="0"/>
                <counter type="COMPLEXITY" missed="1" covered="0"/>
                <counter type="METHOD" missed="1" covered="0"/>
            </method>
            <method name="lambda$getTypesAnnotatedWith$3" desc="(Ljava/util/Set;Ljava/lang/Class;)V" line="64">
                <counter type="INSTRUCTION" missed="5" covered="0"/>
                <counter type="LINE" missed="2" covered="0"/>
                <counter type="COMPLEXITY" missed="1" covered="0"/>
                <counter type="METHOD" missed="1" covered="0"/>
            </method>
            <method name="lambda$getTypesAnnotatedWith$2" desc="(Ljava/lang/String;)Ljava/lang/Class;" line="62">
                <counter type="INSTRUCTION" missed="5" covered="0"/>
                <counter type="LINE" missed="1" covered="0"/>
                <counter type="COMPLEXITY" missed="1" covered="0"/>
                <counter type="METHOD" missed="1" covered="0"/>
            </method>
            <method name="lambda$getSubTypesOf$1" desc="(Ljava/util/Set;Ljava/lang/Class;)V" line="53">
                <counter type="INSTRUCTION" missed="5" covered="0"/>
                <counter type="LINE" missed="2" covered="0"/>
                <counter type="COMPLEXITY" missed="1" covered="0"/>
                <counter type="METHOD" missed="1" covered="0"/>
            </method>
            <method name="lambda$getSubTypesOf$0" desc="(Ljava/lang/String;)Ljava/lang/Class;" line="51">
                <counter type="INSTRUCTION" missed="5" covered="0"/>
                <counter type="LINE" missed="1" covered="0"/>
                <counter type="COMPLEXITY" missed="1" covered="0"/>
                <counter type="METHOD" missed="1" covered="0"/>
            </method>
            <counter type="INSTRUCTION" missed="38" covered="47"/>
            <counter type="BRANCH" missed="1" covered="1"/>
            <counter type="LINE" missed="11" covered="11"/>
            <counter type="COMPLEXITY" missed="12" covered="3"/>
            <counter type="METHOD" missed="11" covered="3"/>
            <counter type="CLASS" missed="0" covered="1"/>
        </class>
        <sourcefile name="Globals.java">
            <line nr="50" mi="2" ci="0" mb="0" cb="0"/>
            <line nr="51" mi="5" ci="0" mb="0" cb="0"/>
            <line nr="52" mi="1" ci="0" mb="0" cb="0"/>
            <line nr="62" mi="6" ci="0" mb="0" cb="0"/>
            <line nr="63" mi="1" ci="0" mb="0" cb="0"/>
            <line nr="74" mi="5" ci="0" mb="2" cb="0"/>
            <line nr="76" mi="8" ci="0" mb="0" cb="0"/>
            <line nr="78" mi="9" ci="0" mb="0" cb="0"/>
            <line nr="79" mi="1" ci="0" mb="0" cb="0"/>
            <line nr="91" mi="6" ci="0" mb="0" cb="0"/>
            <line nr="104" mi="9" ci="0" mb="0" cb="0"/>
            <line nr="115" mi="5" ci="0" mb="2" cb="0"/>
            <line nr="117" mi="8" ci="0" mb="0" cb="0"/>
            <line nr="119" mi="1" ci="0" mb="0" cb="0"/>
            <line nr="129" mi="5" ci="0" mb="2" cb="0"/>
            <line nr="131" mi="9" ci="0" mb="0" cb="0"/>
            <line nr="133" mi="1" ci="0" mb="0" cb="0"/>
            <counter type="INSTRUCTION" missed="82" covered="0"/>
            <counter type="BRANCH" missed="6" covered="0"/>
            <counter type="LINE" missed="17" covered="0"/>
            <counter type="COMPLEXITY" missed="10" covered="0"/>
            <counter type="METHOD" missed="7" covered="0"/>
            <counter type="CLASS" missed="1" covered="0"/>
        </sourcefile>
        <sourcefile name="Reflections.java">
            <line nr="42" mi="0" ci="2" mb="0" cb="0"/>
            <line nr="44" mi="0" ci="1" mb="0" cb="0"/>
            <line nr="48" mi="0" ci="4" mb="0" cb="0"/>
            <line nr="49" mi="0" ci="4" mb="0" cb="0"/>
            <line nr="50" mi="4" ci="9" mb="1" cb="1"/>
            <line nr="51" mi="5" ci="7" mb="0" cb="0"/>
            <line nr="53" mi="4" ci="0" mb="0" cb="0"/>
            <line nr="54" mi="1" ci="0" mb="0" cb="0"/>
            <line nr="55" mi="0" ci="2" mb="0" cb="0"/>
            <line nr="60" mi="0" ci="4" mb="0" cb="0"/>
            <line nr="61" mi="0" ci="5" mb="0" cb="0"/>
            <line nr="62" mi="5" ci="7" mb="0" cb="0"/>
            <line nr="64" mi="4" ci="0" mb="0" cb="0"/>
            <line nr="65" mi="1" ci="0" mb="0" cb="0"/>
            <line nr="66" mi="0" ci="2" mb="0" cb="0"/>
            <line nr="72" mi="2" ci="0" mb="0" cb="0"/>
            <line nr="77" mi="2" ci="0" mb="0" cb="0"/>
            <line nr="82" mi="2" ci="0" mb="0" cb="0"/>
            <line nr="87" mi="2" ci="0" mb="0" cb="0"/>
            <line nr="92" mi="2" ci="0" mb="0" cb="0"/>
            <line nr="97" mi="2" ci="0" mb="0" cb="0"/>
            <line nr="102" mi="2" ci="0" mb="0" cb="0"/>
            <counter type="INSTRUCTION" missed="38" covered="47"/>
            <counter type="BRANCH" missed="1" covered="1"/>
            <counter type="LINE" missed="11" covered="11"/>
            <counter type="COMPLEXITY" missed="12" covered="3"/>
            <counter type="METHOD" missed="11" covered="3"/>
            <counter type="CLASS" missed="0" covered="1"/>
        </sourcefile>
        <sourcefile name="GuiceDefaultBinding.java">
            <line nr="42" mi="2" ci="0" mb="0" cb="0"/>
            <line nr="44" mi="1" ci="0" mb="0" cb="0"/>
            <line nr="49" mi="4" ci="0" mb="0" cb="0"/>
            <line nr="50" mi="1" ci="0" mb="0" cb="0"/>
            <counter type="INSTRUCTION" missed="8" covered="0"/>
            <counter type="LINE" missed="4" covered="0"/>
            <counter type="COMPLEXITY" missed="2" covered="0"/>
            <counter type="METHOD" missed="2" covered="0"/>
            <counter type="CLASS" missed="1" covered="0"/>
        </sourcefile>
        <sourcefile name="GuiceContext.java">
            <line nr="48" mi="0" ci="3" mb="0" cb="0"/>
            <line nr="55" mi="0" ci="2" mb="0" cb="0"/>
            <line nr="59" mi="0" ci="3" mb="0" cb="0"/>
            <line nr="91" mi="0" ci="3" mb="0" cb="2"/>
            <line nr="93" mi="0" ci="2" mb="0" cb="0"/>
            <line nr="95" mi="0" ci="3" mb="0" cb="0"/>
            <line nr="105" mi="3" ci="0" mb="0" cb="0"/>
            <line nr="106" mi="1" ci="0" mb="0" cb="0"/>
            <line nr="110" mi="0" ci="2" mb="0" cb="2"/>
            <line nr="112" mi="0" ci="4" mb="0" cb="0"/>
            <line nr="114" mi="0" ci="2" mb="0" cb="0"/>
            <line nr="124" mi="3" ci="0" mb="0" cb="0"/>
            <line nr="134" mi="3" ci="0" mb="0" cb="0"/>
            <line nr="135" mi="1" ci="0" mb="0" cb="0"/>
            <line nr="141" mi="0" ci="2" mb="0" cb="0"/>
            <line nr="142" mi="0" ci="2" mb="1" cb="1"/>
            <line nr="144" mi="0" ci="2" mb="0" cb="0"/>
            <line nr="146" mi="0" ci="1" mb="0" cb="0"/>
            <line nr="150" mi="0" ci="3" mb="0" cb="0"/>
            <line nr="151" mi="0" ci="4" mb="0" cb="0"/>
            <line nr="152" mi="4" ci="3" mb="3" cb="1"/>
            <line nr="154" mi="0" ci="5" mb="0" cb="0"/>
            <line nr="155" mi="0" ci="5" mb="0" cb="0"/>
            <line nr="156" mi="0" ci="5" mb="0" cb="0"/>
            <line nr="157" mi="0" ci="5" mb="0" cb="0"/>
            <line nr="158" mi="0" ci="5" mb="0" cb="0"/>
            <line nr="159" mi="0" ci="5" mb="0" cb="0"/>
            <line nr="160" mi="0" ci="5" mb="0" cb="0"/>
            <line nr="161" mi="0" ci="5" mb="0" cb="0"/>
            <line nr="162" mi="0" ci="5" mb="0" cb="0"/>
            <line nr="163" mi="0" ci="5" mb="0" cb="0"/>
            <line nr="164" mi="0" ci="5" mb="0" cb="0"/>
            <line nr="165" mi="0" ci="5" mb="0" cb="0"/>
            <line nr="166" mi="0" ci="5" mb="0" cb="0"/>
            <line nr="167" mi="0" ci="5" mb="0" cb="0"/>
            <line nr="168" mi="0" ci="5" mb="0" cb="0"/>
            <line nr="169" mi="0" ci="5" mb="0" cb="0"/>
            <line nr="170" mi="0" ci="5" mb="0" cb="0"/>
            <line nr="171" mi="0" ci="5" mb="0" cb="0"/>
            <line nr="174" mi="0" ci="5" mb="0" cb="0"/>
            <line nr="175" mi="0" ci="5" mb="0" cb="0"/>
            <line nr="176" mi="0" ci="5" mb="0" cb="0"/>
            <line nr="177" mi="0" ci="5" mb="0" cb="0"/>
            <line nr="178" mi="0" ci="5" mb="0" cb="0"/>
            <line nr="179" mi="0" ci="5" mb="0" cb="0"/>
            <line nr="182" mi="0" ci="5" mb="0" cb="0"/>
            <line nr="183" mi="0" ci="6" mb="0" cb="0"/>
            <line nr="185" mi="0" ci="6" mb="0" cb="0"/>
            <line nr="186" mi="0" ci="4" mb="0" cb="0"/>
            <line nr="187" mi="0" ci="4" mb="0" cb="0"/>
            <line nr="188" mi="0" ci="4" mb="0" cb="0"/>
            <line nr="189" mi="0" ci="4" mb="0" cb="0"/>
            <line nr="190" mi="0" ci="4" mb="0" cb="0"/>
            <line nr="191" mi="0" ci="4" mb="0" cb="0"/>
            <line nr="192" mi="0" ci="4" mb="0" cb="0"/>
            <line nr="193" mi="0" ci="6" mb="0" cb="0"/>
            <line nr="194" mi="0" ci="9" mb="0" cb="0"/>
            <line nr="196" mi="0" ci="3" mb="0" cb="0"/>
            <line nr="197" mi="0" ci="1" mb="0" cb="0"/>
            <line nr="206" mi="2" ci="0" mb="0" cb="0"/>
            <line nr="216" mi="2" ci="0" mb="0" cb="0"/>
            <line nr="217" mi="1" ci="0" mb="0" cb="0"/>
            <line nr="227" mi="3" ci="0" mb="0" cb="0"/>
            <line nr="228" mi="3" ci="0" mb="0" cb="0"/>
            <line nr="229" mi="4" ci="0" mb="0" cb="0"/>
            <line nr="230" mi="4" ci="0" mb="0" cb="0"/>
            <line nr="231" mi="10" ci="0" mb="0" cb="0"/>
            <line nr="232" mi="2" ci="0" mb="0" cb="0"/>
            <line nr="233" mi="10" ci="0" mb="0" cb="0"/>
            <line nr="234" mi="1" ci="0" mb="0" cb="0"/>
            <line nr="244" mi="2" ci="0" mb="0" cb="0"/>
            <line nr="254" mi="2" ci="0" mb="0" cb="0"/>
            <line nr="264" mi="0" ci="3" mb="0" cb="2"/>
            <line nr="266" mi="0" ci="5" mb="0" cb="0"/>
            <line nr="268" mi="0" ci="3" mb="0" cb="0"/>
            <line nr="278" mi="0" ci="3" mb="1" cb="1"/>
            <line nr="280" mi="0" ci="2" mb="1" cb="1"/>
            <line nr="282" mi="0" ci="2" mb="0" cb="0"/>
            <line nr="283" mi="0" ci="3" mb="0" cb="0"/>
            <line nr="284" mi="0" ci="3" mb="0" cb="0"/>
            <line nr="285" mi="0" ci="4" mb="0" cb="0"/>
            <line nr="286" mi="0" ci="4" mb="0" cb="0"/>
            <line nr="287" mi="4" ci="7" mb="0" cb="0"/>
            <line nr="289" mi="4" ci="0" mb="0" cb="0"/>
            <line nr="290" mi="1" ci="0" mb="0" cb="0"/>
            <line nr="291" mi="6" ci="3" mb="0" cb="0"/>
            <line nr="292" mi="0" ci="7" mb="0" cb="0"/>
            <line nr="293" mi="0" ci="3" mb="0" cb="0"/>
            <line nr="295" mi="2" ci="0" mb="0" cb="0"/>
            <line nr="296" mi="1" ci="0" mb="0" cb="0"/>
            <line nr="297" mi="0" ci="3" mb="0" cb="0"/>
            <line nr="298" mi="0" ci="3" mb="0" cb="0"/>
            <line nr="301" mi="0" ci="4" mb="0" cb="0"/>
            <line nr="302" mi="0" ci="3" mb="0" cb="0"/>
            <line nr="305" mi="0" ci="4" mb="0" cb="0"/>
            <line nr="307" mi="0" ci="5" mb="0" cb="0"/>
            <line nr="308" mi="0" ci="6" mb="0" cb="0"/>
            <line nr="309" mi="0" ci="4" mb="0" cb="0"/>
            <line nr="311" mi="0" ci="8" mb="1" cb="1"/>
            <line nr="315" mi="4" ci="0" mb="0" cb="0"/>
            <line nr="316" mi="6" ci="0" mb="0" cb="0"/>
            <line nr="317" mi="4" ci="0" mb="0" cb="0"/>
            <line nr="318" mi="4" ci="0" mb="0" cb="0"/>
            <line nr="320" mi="1" ci="0" mb="0" cb="0"/>
            <line nr="322" mi="7" ci="0" mb="0" cb="0"/>
            <line nr="323" mi="2" ci="0" mb="0" cb="0"/>
            <line nr="325" mi="0" ci="4" mb="0" cb="0"/>
            <line nr="326" mi="0" ci="4" mb="0" cb="0"/>
            <line nr="328" mi="0" ci="4" mb="0" cb="0"/>
            <line nr="329" mi="0" ci="6" mb="0" cb="0"/>
            <line nr="332" mi="0" ci="2" mb="0" cb="0"/>
            <line nr="333" mi="0" ci="3" mb="0" cb="0"/>
            <line nr="334" mi="0" ci="4" mb="0" cb="0"/>
            <line nr="335" mi="0" ci="4" mb="0" cb="0"/>
            <line nr="336" mi="4" ci="7" mb="0" cb="0"/>
            <line nr="338" mi="4" ci="0" mb="0" cb="0"/>
            <line nr="339" mi="1" ci="0" mb="0" cb="0"/>
            <line nr="340" mi="6" ci="3" mb="0" cb="0"/>
            <line nr="341" mi="0" ci="7" mb="0" cb="0"/>
            <line nr="342" mi="0" ci="5" mb="0" cb="0"/>
            <line nr="344" mi="7" ci="0" mb="0" cb="0"/>
            <line nr="345" mi="2" ci="0" mb="0" cb="0"/>
            <line nr="346" mi="1" ci="0" mb="0" cb="0"/>
            <line nr="347" mi="0" ci="3" mb="0" cb="0"/>
            <line nr="348" mi="0" ci="3" mb="0" cb="0"/>
            <line nr="349" mi="0" ci="2" mb="0" cb="0"/>
            <line nr="350" mi="0" ci="1" mb="0" cb="0"/>
            <line nr="353" mi="3" ci="0" mb="0" cb="0"/>
            <line nr="356" mi="0" ci="2" mb="0" cb="0"/>
            <line nr="357" mi="0" ci="3" mb="0" cb="0"/>
            <line nr="367" mi="2" ci="0" mb="0" cb="0"/>
            <line nr="378" mi="3" ci="0" mb="0" cb="0"/>
            <line nr="379" mi="1" ci="0" mb="0" cb="0"/>
            <line nr="388" mi="3" ci="0" mb="0" cb="0"/>
            <line nr="389" mi="1" ci="0" mb="0" cb="0"/>
            <line nr="403" mi="4" ci="0" mb="0" cb="0"/>
            <line nr="405" mi="1" ci="0" mb="0" cb="0"/>
            <line nr="407" mi="5" ci="0" mb="0" cb="0"/>
            <line nr="408" mi="2" ci="0" mb="0" cb="0"/>
            <line nr="424" mi="4" ci="0" mb="0" cb="0"/>
            <line nr="426" mi="1" ci="0" mb="0" cb="0"/>
            <line nr="428" mi="5" ci="0" mb="0" cb="0"/>
            <line nr="429" mi="2" ci="0" mb="0" cb="0"/>
            <line nr="438" mi="3" ci="0" mb="0" cb="0"/>
            <line nr="439" mi="3" ci="0" mb="0" cb="0"/>
            <line nr="440" mi="3" ci="0" mb="0" cb="0"/>
            <line nr="441" mi="3" ci="0" mb="0" cb="0"/>
            <line nr="442" mi="3" ci="0" mb="0" cb="0"/>
            <line nr="443" mi="4" ci="0" mb="0" cb="0"/>
            <line nr="444" mi="3" ci="0" mb="0" cb="0"/>
            <line nr="445" mi="1" ci="0" mb="0" cb="0"/>
            <line nr="454" mi="8" ci="0" mb="4" cb="0"/>
            <counter type="INSTRUCTION" missed="200" covered="384"/>
            <counter type="BRANCH" missed="11" covered="11"/>
            <counter type="LINE" missed="57" covered="95"/>
            <counter type="COMPLEXITY" missed="31" covered="10"/>
            <counter type="METHOD" missed="23" covered="7"/>
            <counter type="CLASS" missed="0" covered="1"/>
        </sourcefile>
        <counter type="INSTRUCTION" missed="328" covered="431"/>
        <counter type="BRANCH" missed="18" covered="12"/>
        <counter type="LINE" missed="89" covered="106"/>
        <counter type="COMPLEXITY" missed="55" covered="13"/>
        <counter type="METHOD" missed="43" covered="10"/>
        <counter type="CLASS" missed="2" covered="2"/>
    </package>
    <package name="com/armineasy/injection/abstractions">
        <class name="com/armineasy/injection/abstractions/GuiceInjectorModule">
            <method name="&lt;init&gt;" desc="()V" line="54">
                <counter type="INSTRUCTION" missed="0" covered="3"/>
                <counter type="LINE" missed="0" covered="2"/>
                <counter type="COMPLEXITY" missed="0" covered="1"/>
                <counter type="METHOD" missed="0" covered="1"/>
            </method>
            <method name="runBinders" desc="()V" line="63">
                <counter type="INSTRUCTION" missed="41" covered="0"/>
                <counter type="BRANCH" missed="2" covered="0"/>
                <counter type="LINE" missed="10" covered="0"/>
                <counter type="COMPLEXITY" missed="2" covered="0"/>
                <counter type="METHOD" missed="1" covered="0"/>
            </method>
            <method name="bind" desc="(Ljava/lang/Class;)Lcom/google/inject/binder/AnnotatedBindingBuilder;" line="95">
                <counter type="INSTRUCTION" missed="4" covered="0"/>
                <counter type="LINE" missed="1" covered="0"/>
                <counter type="COMPLEXITY" missed="1" covered="0"/>
                <counter type="METHOD" missed="1" covered="0"/>
            </method>
            <method name="bind" desc="(Lcom/google/inject/Key;)Lcom/google/inject/binder/LinkedBindingBuilder;"
                    line="101">
                <counter type="INSTRUCTION" missed="4" covered="0"/>
                <counter type="LINE" missed="1" covered="0"/>
                <counter type="COMPLEXITY" missed="1" covered="0"/>
                <counter type="METHOD" missed="1" covered="0"/>
            </method>
            <method name="bind"
                    desc="(Lcom/google/inject/TypeLiteral;)Lcom/google/inject/binder/AnnotatedBindingBuilder;"
                    line="107">
                <counter type="INSTRUCTION" missed="4" covered="0"/>
                <counter type="LINE" missed="1" covered="0"/>
                <counter type="COMPLEXITY" missed="1" covered="0"/>
                <counter type="METHOD" missed="1" covered="0"/>
            </method>
            <method name="bindConstant" desc="()Lcom/google/inject/binder/AnnotatedConstantBindingBuilder;" line="113">
                <counter type="INSTRUCTION" missed="3" covered="0"/>
                <counter type="LINE" missed="1" covered="0"/>
                <counter type="COMPLEXITY" missed="1" covered="0"/>
                <counter type="METHOD" missed="1" covered="0"/>
            </method>
            <method name="bindListener"
                    desc="(Lcom/google/inject/matcher/Matcher;[Lcom/google/inject/spi/ProvisionListener;)V" line="119">
                <counter type="INSTRUCTION" missed="5" covered="0"/>
                <counter type="LINE" missed="2" covered="0"/>
                <counter type="COMPLEXITY" missed="1" covered="0"/>
                <counter type="METHOD" missed="1" covered="0"/>
            </method>
            <method name="bindListener"
                    desc="(Lcom/google/inject/matcher/Matcher;Lcom/google/inject/spi/TypeListener;)V" line="125">
                <counter type="INSTRUCTION" missed="5" covered="0"/>
                <counter type="LINE" missed="2" covered="0"/>
                <counter type="COMPLEXITY" missed="1" covered="0"/>
                <counter type="METHOD" missed="1" covered="0"/>
            </method>
            <method name="bindScope" desc="(Ljava/lang/Class;Lcom/google/inject/Scope;)V" line="131">
                <counter type="INSTRUCTION" missed="5" covered="0"/>
                <counter type="LINE" missed="2" covered="0"/>
                <counter type="COMPLEXITY" missed="1" covered="0"/>
                <counter type="METHOD" missed="1" covered="0"/>
            </method>
            <method name="binder" desc="()Lcom/google/inject/Binder;" line="137">
                <counter type="INSTRUCTION" missed="3" covered="0"/>
                <counter type="LINE" missed="1" covered="0"/>
                <counter type="COMPLEXITY" missed="1" covered="0"/>
                <counter type="METHOD" missed="1" covered="0"/>
            </method>
            <method name="configure" desc="()V" line="143">
                <counter type="INSTRUCTION" missed="3" covered="0"/>
                <counter type="LINE" missed="2" covered="0"/>
                <counter type="COMPLEXITY" missed="1" covered="0"/>
                <counter type="METHOD" missed="1" covered="0"/>
            </method>
            <method name="lambda$runBinders$1" desc="(Lcom/armineasy/injection/interfaces/GuiceDefaultBinder;)V"
                    line="85">
                <counter type="INSTRUCTION" missed="18" covered="0"/>
                <counter type="LINE" missed="4" covered="0"/>
                <counter type="COMPLEXITY" missed="1" covered="0"/>
                <counter type="METHOD" missed="1" covered="0"/>
            </method>
            <method name="lambda$runBinders$0" desc="(Ljava/util/List;Ljava/util/Set;Ljava/lang/Class;)V" line="72">
                <counter type="INSTRUCTION" missed="24" covered="0"/>
                <counter type="LINE" missed="6" covered="0"/>
                <counter type="COMPLEXITY" missed="1" covered="0"/>
                <counter type="METHOD" missed="1" covered="0"/>
            </method>
            <method name="&lt;clinit&gt;" desc="()V" line="48">
                <counter type="INSTRUCTION" missed="0" covered="4"/>
                <counter type="LINE" missed="0" covered="1"/>
                <counter type="COMPLEXITY" missed="0" covered="1"/>
                <counter type="METHOD" missed="0" covered="1"/>
            </method>
            <counter type="INSTRUCTION" missed="119" covered="7"/>
            <counter type="BRANCH" missed="2" covered="0"/>
            <counter type="LINE" missed="33" covered="3"/>
            <counter type="COMPLEXITY" missed="13" covered="2"/>
            <counter type="METHOD" missed="12" covered="2"/>
            <counter type="CLASS" missed="0" covered="1"/>
        </class>
        <class name="com/armineasy/injection/abstractions/GuiceSiteInjectorModule">
            <method name="&lt;init&gt;" desc="()V" line="51">
                <counter type="INSTRUCTION" missed="0" covered="6"/>
                <counter type="LINE" missed="0" covered="3"/>
                <counter type="COMPLEXITY" missed="0" covered="1"/>
                <counter type="METHOD" missed="0" covered="1"/>
            </method>
            <method name="getSortOrder" desc="()I" line="65">
                <counter type="INSTRUCTION" missed="3" covered="0"/>
                <counter type="LINE" missed="1" covered="0"/>
                <counter type="COMPLEXITY" missed="1" covered="0"/>
                <counter type="METHOD" missed="1" covered="0"/>
            </method>
            <method name="setSortOrder" desc="(I)V" line="75">
                <counter type="INSTRUCTION" missed="4" covered="0"/>
                <counter type="LINE" missed="2" covered="0"/>
                <counter type="COMPLEXITY" missed="1" covered="0"/>
                <counter type="METHOD" missed="1" covered="0"/>
            </method>
            <method name="install" desc="(Lcom/google/inject/Module;)V" line="86">
                <counter type="INSTRUCTION" missed="4" covered="0"/>
                <counter type="LINE" missed="2" covered="0"/>
                <counter type="COMPLEXITY" missed="1" covered="0"/>
                <counter type="METHOD" missed="1" covered="0"/>
            </method>
            <method name="serveSite"
                    desc="(Ljava/lang/String;[Ljava/lang/String;)Lcom/google/inject/servlet/ServletModule$ServletKeyBindingBuilder;"
                    line="99">
                <counter type="INSTRUCTION" missed="5" covered="0"/>
                <counter type="LINE" missed="1" covered="0"/>
                <counter type="COMPLEXITY" missed="1" covered="0"/>
                <counter type="METHOD" missed="1" covered="0"/>
            </method>
            <method name="serveSite"
                    desc="(Ljava/lang/Iterable;)Lcom/google/inject/servlet/ServletModule$ServletKeyBindingBuilder;"
                    line="111">
                <counter type="INSTRUCTION" missed="4" covered="0"/>
                <counter type="LINE" missed="1" covered="0"/>
                <counter type="COMPLEXITY" missed="1" covered="0"/>
                <counter type="METHOD" missed="1" covered="0"/>
            </method>
            <method name="serveSiteRegex"
                    desc="(Ljava/lang/String;[Ljava/lang/String;)Lcom/google/inject/servlet/ServletModule$ServletKeyBindingBuilder;"
                    line="124">
                <counter type="INSTRUCTION" missed="5" covered="0"/>
                <counter type="LINE" missed="1" covered="0"/>
                <counter type="COMPLEXITY" missed="1" covered="0"/>
                <counter type="METHOD" missed="1" covered="0"/>
            </method>
            <method name="serveSiteRegex"
                    desc="(Ljava/lang/Iterable;)Lcom/google/inject/servlet/ServletModule$ServletKeyBindingBuilder;"
                    line="136">
                <counter type="INSTRUCTION" missed="4" covered="0"/>
                <counter type="LINE" missed="1" covered="0"/>
                <counter type="COMPLEXITY" missed="1" covered="0"/>
                <counter type="METHOD" missed="1" covered="0"/>
            </method>
            <method name="runBinders" desc="()V" line="147">
                <counter type="INSTRUCTION" missed="31" covered="0"/>
                <counter type="BRANCH" missed="2" covered="0"/>
                <counter type="LINE" missed="8" covered="0"/>
                <counter type="COMPLEXITY" missed="2" covered="0"/>
                <counter type="METHOD" missed="1" covered="0"/>
            </method>
            <method name="configureServlets" desc="()V" line="180">
                <counter type="INSTRUCTION" missed="3" covered="0"/>
                <counter type="LINE" missed="2" covered="0"/>
                <counter type="COMPLEXITY" missed="1" covered="0"/>
                <counter type="METHOD" missed="1" covered="0"/>
            </method>
            <method name="bind" desc="(Ljava/lang/Class;)Lcom/google/inject/binder/AnnotatedBindingBuilder;" line="194">
                <counter type="INSTRUCTION" missed="4" covered="0"/>
                <counter type="LINE" missed="1" covered="0"/>
                <counter type="COMPLEXITY" missed="1" covered="0"/>
                <counter type="METHOD" missed="1" covered="0"/>
            </method>
            <method name="bind" desc="(Lcom/google/inject/Key;)Lcom/google/inject/binder/LinkedBindingBuilder;"
                    line="208">
                <counter type="INSTRUCTION" missed="4" covered="0"/>
                <counter type="LINE" missed="1" covered="0"/>
                <counter type="COMPLEXITY" missed="1" covered="0"/>
                <counter type="METHOD" missed="1" covered="0"/>
            </method>
            <method name="bind"
                    desc="(Lcom/google/inject/TypeLiteral;)Lcom/google/inject/binder/AnnotatedBindingBuilder;"
                    line="222">
                <counter type="INSTRUCTION" missed="4" covered="0"/>
                <counter type="LINE" missed="1" covered="0"/>
                <counter type="COMPLEXITY" missed="1" covered="0"/>
                <counter type="METHOD" missed="1" covered="0"/>
            </method>
            <method name="bindConstant" desc="()Lcom/google/inject/binder/AnnotatedConstantBindingBuilder;" line="233">
                <counter type="INSTRUCTION" missed="3" covered="0"/>
                <counter type="LINE" missed="1" covered="0"/>
                <counter type="COMPLEXITY" missed="1" covered="0"/>
                <counter type="METHOD" missed="1" covered="0"/>
            </method>
            <method name="bindListener"
                    desc="(Lcom/google/inject/matcher/Matcher;[Lcom/google/inject/spi/ProvisionListener;)V" line="245">
                <counter type="INSTRUCTION" missed="5" covered="0"/>
                <counter type="LINE" missed="2" covered="0"/>
                <counter type="COMPLEXITY" missed="1" covered="0"/>
                <counter type="METHOD" missed="1" covered="0"/>
            </method>
            <method name="bindListener"
                    desc="(Lcom/google/inject/matcher/Matcher;Lcom/google/inject/spi/TypeListener;)V" line="257">
                <counter type="INSTRUCTION" missed="5" covered="0"/>
                <counter type="LINE" missed="2" covered="0"/>
                <counter type="COMPLEXITY" missed="1" covered="0"/>
                <counter type="METHOD" missed="1" covered="0"/>
            </method>
            <method name="bindScope" desc="(Ljava/lang/Class;Lcom/google/inject/Scope;)V" line="269">
                <counter type="INSTRUCTION" missed="5" covered="0"/>
                <counter type="LINE" missed="2" covered="0"/>
                <counter type="COMPLEXITY" missed="1" covered="0"/>
                <counter type="METHOD" missed="1" covered="0"/>
            </method>
            <method name="filter$"
                    desc="(Ljava/lang/Iterable;)Lcom/google/inject/servlet/ServletModule$FilterKeyBindingBuilder;"
                    line="281">
                <counter type="INSTRUCTION" missed="4" covered="0"/>
                <counter type="LINE" missed="1" covered="0"/>
                <counter type="COMPLEXITY" missed="1" covered="0"/>
                <counter type="METHOD" missed="1" covered="0"/>
            </method>
            <method name="filterRegex$"
                    desc="(Ljava/lang/String;[Ljava/lang/String;)Lcom/google/inject/servlet/ServletModule$FilterKeyBindingBuilder;"
                    line="294">
                <counter type="INSTRUCTION" missed="5" covered="0"/>
                <counter type="LINE" missed="1" covered="0"/>
                <counter type="COMPLEXITY" missed="1" covered="0"/>
                <counter type="METHOD" missed="1" covered="0"/>
            </method>
            <method name="filterRegex$"
                    desc="(Ljava/lang/Iterable;)Lcom/google/inject/servlet/ServletModule$FilterKeyBindingBuilder;"
                    line="306">
                <counter type="INSTRUCTION" missed="4" covered="0"/>
                <counter type="LINE" missed="1" covered="0"/>
                <counter type="COMPLEXITY" missed="1" covered="0"/>
                <counter type="METHOD" missed="1" covered="0"/>
            </method>
            <method name="serve$"
                    desc="(Ljava/lang/String;[Ljava/lang/String;)Lcom/google/inject/servlet/ServletModule$ServletKeyBindingBuilder;"
                    line="319">
                <counter type="INSTRUCTION" missed="5" covered="0"/>
                <counter type="LINE" missed="1" covered="0"/>
                <counter type="COMPLEXITY" missed="1" covered="0"/>
                <counter type="METHOD" missed="1" covered="0"/>
            </method>
            <method name="serve$"
                    desc="(Ljava/lang/Iterable;)Lcom/google/inject/servlet/ServletModule$ServletKeyBindingBuilder;"
                    line="331">
                <counter type="INSTRUCTION" missed="4" covered="0"/>
                <counter type="LINE" missed="1" covered="0"/>
                <counter type="COMPLEXITY" missed="1" covered="0"/>
                <counter type="METHOD" missed="1" covered="0"/>
            </method>
            <method name="serveRegex$"
                    desc="(Ljava/lang/String;[Ljava/lang/String;)Lcom/google/inject/servlet/ServletModule$ServletKeyBindingBuilder;"
                    line="344">
                <counter type="INSTRUCTION" missed="5" covered="0"/>
                <counter type="LINE" missed="1" covered="0"/>
                <counter type="COMPLEXITY" missed="1" covered="0"/>
                <counter type="METHOD" missed="1" covered="0"/>
            </method>
            <method name="serveRegex$"
                    desc="(Ljava/lang/Iterable;)Lcom/google/inject/servlet/ServletModule$ServletKeyBindingBuilder;"
                    line="356">
                <counter type="INSTRUCTION" missed="4" covered="0"/>
                <counter type="LINE" missed="1" covered="0"/>
                <counter type="COMPLEXITY" missed="1" covered="0"/>
                <counter type="METHOD" missed="1" covered="0"/>
            </method>
            <method name="getServletContext$" desc="()Ljavax/servlet/ServletContext;" line="366">
                <counter type="INSTRUCTION" missed="3" covered="0"/>
                <counter type="LINE" missed="1" covered="0"/>
                <counter type="COMPLEXITY" missed="1" covered="0"/>
                <counter type="METHOD" missed="1" covered="0"/>
            </method>
            <method name="filter$"
                    desc="(Ljava/lang/String;[Ljava/lang/String;)Lcom/google/inject/servlet/ServletModule$FilterKeyBindingBuilder;"
                    line="379">
                <counter type="INSTRUCTION" missed="5" covered="0"/>
                <counter type="LINE" missed="1" covered="0"/>
                <counter type="COMPLEXITY" missed="1" covered="0"/>
                <counter type="METHOD" missed="1" covered="0"/>
            </method>
            <method name="bindInterceptor$"
                    desc="(Lcom/google/inject/matcher/Matcher;Lcom/google/inject/matcher/Matcher;[Lorg/aopalliance/intercept/MethodInterceptor;)V"
                    line="391">
                <counter type="INSTRUCTION" missed="6" covered="0"/>
                <counter type="LINE" missed="2" covered="0"/>
                <counter type="COMPLEXITY" missed="1" covered="0"/>
                <counter type="METHOD" missed="1" covered="0"/>
            </method>
            <method name="lambda$runBinders$1" desc="(Lcom/armineasy/injection/interfaces/GuiceSiteBinder;)V"
                    line="167">
                <counter type="INSTRUCTION" missed="18" covered="0"/>
                <counter type="LINE" missed="4" covered="0"/>
                <counter type="COMPLEXITY" missed="1" covered="0"/>
                <counter type="METHOD" missed="1" covered="0"/>
            </method>
            <method name="lambda$runBinders$0" desc="(Ljava/util/List;Ljava/util/Set;Ljava/lang/Class;)V" line="155">
                <counter type="INSTRUCTION" missed="24" covered="0"/>
                <counter type="LINE" missed="6" covered="0"/>
                <counter type="COMPLEXITY" missed="1" covered="0"/>
                <counter type="METHOD" missed="1" covered="0"/>
            </method>
            <method name="&lt;clinit&gt;" desc="()V" line="49">
                <counter type="INSTRUCTION" missed="0" covered="4"/>
                <counter type="LINE" missed="0" covered="1"/>
                <counter type="COMPLEXITY" missed="0" covered="1"/>
                <counter type="METHOD" missed="0" covered="1"/>
            </method>
            <counter type="INSTRUCTION" missed="180" covered="10"/>
            <counter type="BRANCH" missed="2" covered="0"/>
            <counter type="LINE" missed="50" covered="4"/>
            <counter type="COMPLEXITY" missed="29" covered="2"/>
            <counter type="METHOD" missed="28" covered="2"/>
            <counter type="CLASS" missed="0" covered="1"/>
        </class>
        <sourcefile name="GuiceInjectorModule.java">
            <line nr="48" mi="0" ci="4" mb="0" cb="0"/>
            <line nr="54" mi="0" ci="2" mb="0" cb="0"/>
            <line nr="56" mi="0" ci="1" mb="0" cb="0"/>
            <line nr="63" mi="4" ci="0" mb="0" cb="0"/>
            <line nr="64" mi="2" ci="0" mb="0" cb="0"/>
            <line nr="65" mi="4" ci="0" mb="0" cb="0"/>
            <line nr="66" mi="7" ci="0" mb="0" cb="0"/>
            <line nr="67" mi="4" ci="0" mb="0" cb="0"/>
            <line nr="68" mi="5" ci="0" mb="0" cb="0"/>
            <line nr="72" mi="4" ci="0" mb="0" cb="0"/>
            <line nr="73" mi="4" ci="0" mb="0" cb="0"/>
            <line nr="75" mi="1" ci="0" mb="0" cb="0"/>
            <line nr="77" mi="13" ci="0" mb="0" cb="0"/>
            <line nr="78" mi="1" ci="0" mb="0" cb="0"/>
            <line nr="79" mi="1" ci="0" mb="0" cb="0"/>
            <line nr="80" mi="3" ci="0" mb="2" cb="0"/>
            <line nr="82" mi="6" ci="0" mb="0" cb="0"/>
            <line nr="83" mi="5" ci="0" mb="0" cb="0"/>
            <line nr="85" mi="7" ci="0" mb="0" cb="0"/>
            <line nr="86" mi="3" ci="0" mb="0" cb="0"/>
            <line nr="87" mi="7" ci="0" mb="0" cb="0"/>
            <line nr="88" mi="1" ci="0" mb="0" cb="0"/>
            <line nr="90" mi="1" ci="0" mb="0" cb="0"/>
            <line nr="95" mi="4" ci="0" mb="0" cb="0"/>
            <line nr="101" mi="4" ci="0" mb="0" cb="0"/>
            <line nr="107" mi="4" ci="0" mb="0" cb="0"/>
            <line nr="113" mi="3" ci="0" mb="0" cb="0"/>
            <line nr="119" mi="4" ci="0" mb="0" cb="0"/>
            <line nr="120" mi="1" ci="0" mb="0" cb="0"/>
            <line nr="125" mi="4" ci="0" mb="0" cb="0"/>
            <line nr="126" mi="1" ci="0" mb="0" cb="0"/>
            <line nr="131" mi="4" ci="0" mb="0" cb="0"/>
            <line nr="132" mi="1" ci="0" mb="0" cb="0"/>
            <line nr="137" mi="3" ci="0" mb="0" cb="0"/>
            <line nr="143" mi="2" ci="0" mb="0" cb="0"/>
            <line nr="144" mi="1" ci="0" mb="0" cb="0"/>
            <counter type="INSTRUCTION" missed="119" covered="7"/>
            <counter type="BRANCH" missed="2" covered="0"/>
            <counter type="LINE" missed="33" covered="3"/>
            <counter type="COMPLEXITY" missed="13" covered="2"/>
            <counter type="METHOD" missed="12" covered="2"/>
            <counter type="CLASS" missed="0" covered="1"/>
        </sourcefile>
        <sourcefile name="GuiceSiteInjectorModule.java">
            <line nr="49" mi="0" ci="4" mb="0" cb="0"/>
            <line nr="51" mi="0" ci="3" mb="0" cb="0"/>
            <line nr="54" mi="0" ci="2" mb="0" cb="0"/>
            <line nr="56" mi="0" ci="1" mb="0" cb="0"/>
            <line nr="65" mi="3" ci="0" mb="0" cb="0"/>
            <line nr="75" mi="3" ci="0" mb="0" cb="0"/>
            <line nr="76" mi="1" ci="0" mb="0" cb="0"/>
            <line nr="86" mi="3" ci="0" mb="0" cb="0"/>
            <line nr="87" mi="1" ci="0" mb="0" cb="0"/>
            <line nr="99" mi="5" ci="0" mb="0" cb="0"/>
            <line nr="111" mi="4" ci="0" mb="0" cb="0"/>
            <line nr="124" mi="5" ci="0" mb="0" cb="0"/>
            <line nr="136" mi="4" ci="0" mb="0" cb="0"/>
            <line nr="147" mi="2" ci="0" mb="0" cb="0"/>
            <line nr="148" mi="4" ci="0" mb="0" cb="0"/>
            <line nr="149" mi="7" ci="0" mb="0" cb="0"/>
            <line nr="150" mi="4" ci="0" mb="0" cb="0"/>
            <line nr="151" mi="5" ci="0" mb="0" cb="0"/>
            <line nr="155" mi="4" ci="0" mb="0" cb="0"/>
            <line nr="156" mi="4" ci="0" mb="0" cb="0"/>
            <line nr="158" mi="1" ci="0" mb="0" cb="0"/>
            <line nr="160" mi="13" ci="0" mb="0" cb="0"/>
            <line nr="161" mi="1" ci="0" mb="0" cb="0"/>
            <line nr="162" mi="1" ci="0" mb="0" cb="0"/>
            <line nr="163" mi="3" ci="0" mb="2" cb="0"/>
            <line nr="165" mi="5" ci="0" mb="0" cb="0"/>
            <line nr="167" mi="7" ci="0" mb="0" cb="0"/>
            <line nr="168" mi="3" ci="0" mb="0" cb="0"/>
            <line nr="169" mi="7" ci="0" mb="0" cb="0"/>
            <line nr="170" mi="1" ci="0" mb="0" cb="0"/>
            <line nr="172" mi="1" ci="0" mb="0" cb="0"/>
            <line nr="180" mi="2" ci="0" mb="0" cb="0"/>
            <line nr="181" mi="1" ci="0" mb="0" cb="0"/>
            <line nr="194" mi="4" ci="0" mb="0" cb="0"/>
            <line nr="208" mi="4" ci="0" mb="0" cb="0"/>
            <line nr="222" mi="4" ci="0" mb="0" cb="0"/>
            <line nr="233" mi="3" ci="0" mb="0" cb="0"/>
            <line nr="245" mi="4" ci="0" mb="0" cb="0"/>
            <line nr="246" mi="1" ci="0" mb="0" cb="0"/>
            <line nr="257" mi="4" ci="0" mb="0" cb="0"/>
            <line nr="258" mi="1" ci="0" mb="0" cb="0"/>
            <line nr="269" mi="4" ci="0" mb="0" cb="0"/>
            <line nr="270" mi="1" ci="0" mb="0" cb="0"/>
            <line nr="281" mi="4" ci="0" mb="0" cb="0"/>
            <line nr="294" mi="5" ci="0" mb="0" cb="0"/>
            <line nr="306" mi="4" ci="0" mb="0" cb="0"/>
            <line nr="319" mi="5" ci="0" mb="0" cb="0"/>
            <line nr="331" mi="4" ci="0" mb="0" cb="0"/>
            <line nr="344" mi="5" ci="0" mb="0" cb="0"/>
            <line nr="356" mi="4" ci="0" mb="0" cb="0"/>
            <line nr="366" mi="3" ci="0" mb="0" cb="0"/>
            <line nr="379" mi="5" ci="0" mb="0" cb="0"/>
            <line nr="391" mi="5" ci="0" mb="0" cb="0"/>
            <line nr="392" mi="1" ci="0" mb="0" cb="0"/>
            <counter type="INSTRUCTION" missed="180" covered="10"/>
            <counter type="BRANCH" missed="2" covered="0"/>
            <counter type="LINE" missed="50" covered="4"/>
            <counter type="COMPLEXITY" missed="29" covered="2"/>
            <counter type="METHOD" missed="28" covered="2"/>
            <counter type="CLASS" missed="0" covered="1"/>
        </sourcefile>
        <counter type="INSTRUCTION" missed="299" covered="17"/>
        <counter type="BRANCH" missed="4" covered="0"/>
        <counter type="LINE" missed="83" covered="7"/>
        <counter type="COMPLEXITY" missed="42" covered="4"/>
        <counter type="METHOD" missed="40" covered="4"/>
        <counter type="CLASS" missed="0" covered="2"/>
    </package>
    <counter type="INSTRUCTION" missed="953" covered="454"/>
    <counter type="BRANCH" missed="62" covered="12"/>
    <counter type="LINE" missed="284" covered="116"/>
    <counter type="COMPLEXITY" missed="153" covered="18"/>
    <counter type="METHOD" missed="119" covered="15"/>
    <counter type="CLASS" missed="8" covered="5"/>
</report>